# JRE version: OpenJDK Runtime Environment (11.0.12+7) (build 11.0.12+7-b1504.28-7817840)
# Java VM: OpenJDK 64-Bit Server VM (11.0.12+7-b1504.28-7817840, mixed mode, tiered, compressed oops, g1 gc, windows-amd64)
Heap:
 garbage-first heap   total 442368K, used 149384K [0x0000000080000000, 0x0000000100000000)
  region size 1024K, 14 young (14336K), 14 survivors (14336K)
 Metaspace       used 107013K, capacity 109681K, committed 109928K, reserved 1144832K
  class space    used 13196K, capacity 14178K, committed 14208K, reserved 1048576K
GC Heap History (20 events):
Event: 827.854 GC heap after
{Heap after GC invocations=31 (full 0):
 garbage-first heap   total 286720K, used 124220K [0x0000000080000000, 0x0000000100000000)
  region size 1024K, 2 young (2048K), 2 survivors (2048K)
 Metaspace       used 106590K, capacity 109246K, committed 109416K, reserved 1144832K
  class space    used 13180K, capacity 14135K, committed 14208K, reserved 1048576K
}
Event: 829.271 GC heap before
{Heap before GC invocations=31 (full 0):
 garbage-first heap   total 286720K, used 232764K [0x0000000080000000, 0x0000000100000000)
  region size 1024K, 108 young (110592K), 2 survivors (2048K)
 Metaspace       used 106640K, capacity 109318K, committed 109416K, reserved 1144832K
  class space    used 13180K, capacity 14135K, committed 14208K, reserved 1048576K
}
Event: 829.292 GC heap after
{Heap after GC invocations=32 (full 0):
 garbage-first heap   total 286720K, used 126005K [0x0000000080000000, 0x0000000100000000)
  region size 1024K, 4 young (4096K), 4 survivors (4096K)
 Metaspace       used 106640K, capacity 109318K, committed 109416K, reserved 1144832K
  class space    used 13180K, capacity 14135K, committed 14208K, reserved 1048576K
}
Event: 830.401 GC heap before
{Heap before GC invocations=32 (full 0):
 garbage-first heap   total 286720K, used 235573K [0x0000000080000000, 0x0000000100000000)
  region size 1024K, 111 young (113664K), 4 survivors (4096K)
 Metaspace       used 106678K, capacity 109321K, committed 109416K, reserved 1144832K
  class space    used 13180K, capacity 14135K, committed 14208K, reserved 1048576K
}
Event: 830.429 GC heap after
{Heap after GC invocations=33 (full 0):
 garbage-first heap   total 286720K, used 127292K [0x0000000080000000, 0x0000000100000000)
  region size 1024K, 5 young (5120K), 5 survivors (5120K)
 Metaspace       used 106678K, capacity 109321K, committed 109416K, reserved 1144832K
  class space    used 13180K, capacity 14135K, committed 14208K, reserved 1048576K
}
Event: 831.693 GC heap before
{Heap before GC invocations=33 (full 0):
 garbage-first heap   total 286720K, used 237884K [0x0000000080000000, 0x0000000100000000)
  region size 1024K, 113 young (115712K), 5 survivors (5120K)
 Metaspace       used 106710K, capacity 109399K, committed 109672K, reserved 1144832K
  class space    used 13185K, capacity 14139K, committed 14208K, reserved 1048576K
}
Event: 831.734 GC heap after
{Heap after GC invocations=34 (full 0):
 garbage-first heap   total 286720K, used 129798K [0x0000000080000000, 0x0000000100000000)
  region size 1024K, 8 young (8192K), 8 survivors (8192K)
 Metaspace       used 106710K, capacity 109399K, committed 109672K, reserved 1144832K
  class space    used 13185K, capacity 14139K, committed 14208K, reserved 1048576K
}
Event: 832.588 GC heap before
{Heap before GC invocations=34 (full 0):
 garbage-first heap   total 286720K, used 239366K [0x0000000080000000, 0x0000000100000000)
  region size 1024K, 115 young (117760K), 8 survivors (8192K)
 Metaspace       used 106753K, capacity 109437K, committed 109672K, reserved 1144832K
  class space    used 13193K, capacity 14173K, committed 14208K, reserved 1048576K
}
Event: 832.623 GC heap after
{Heap after GC invocations=35 (full 0):
 garbage-first heap   total 286720K, used 131388K [0x0000000080000000, 0x0000000100000000)
  region size 1024K, 9 young (9216K), 9 survivors (9216K)
 Metaspace       used 106753K, capacity 109437K, committed 109672K, reserved 1144832K
  class space    used 13193K, capacity 14173K, committed 14208K, reserved 1048576K
}
Event: 833.593 GC heap before
{Heap before GC invocations=35 (full 0):
 garbage-first heap   total 286720K, used 241980K [0x0000000080000000, 0x0000000100000000)
  region size 1024K, 117 young (119808K), 9 survivors (9216K)
 Metaspace       used 106762K, capacity 109437K, committed 109672K, reserved 1144832K
  class space    used 13193K, capacity 14173K, committed 14208K, reserved 1048576K
}
Event: 833.635 GC heap after
{Heap after GC invocations=36 (full 0):
 garbage-first heap   total 286720K, used 132304K [0x0000000080000000, 0x0000000100000000)
  region size 1024K, 9 young (9216K), 9 survivors (9216K)
 Metaspace       used 106762K, capacity 109437K, committed 109672K, reserved 1144832K
  class space    used 13193K, capacity 14173K, committed 14208K, reserved 1048576K
}
Event: 834.846 GC heap before
{Heap before GC invocations=36 (full 0):
 garbage-first heap   total 286720K, used 243920K [0x0000000080000000, 0x0000000100000000)
  region size 1024K, 118 young (120832K), 9 survivors (9216K)
 Metaspace       used 106778K, capacity 109437K, committed 109672K, reserved 1144832K
  class space    used 13193K, capacity 14173K, committed 14208K, reserved 1048576K
}
Event: 834.964 GC heap after
{Heap after GC invocations=37 (full 0):
 garbage-first heap   total 286720K, used 133650K [0x0000000080000000, 0x0000000100000000)
  region size 1024K, 8 young (8192K), 8 survivors (8192K)
 Metaspace       used 106778K, capacity 109437K, committed 109672K, reserved 1144832K
  class space    used 13193K, capacity 14173K, committed 14208K, reserved 1048576K
}
Event: 836.234 GC heap before
{Heap before GC invocations=37 (full 0):
 garbage-first heap   total 286720K, used 246290K [0x0000000080000000, 0x0000000100000000)
  region size 1024K, 117 young (119808K), 8 survivors (8192K)
 Metaspace       used 106967K, capacity 109657K, committed 109928K, reserved 1144832K
  class space    used 13193K, capacity 14174K, committed 14208K, reserved 1048576K
}
Event: 836.282 GC heap after
{Heap after GC invocations=38 (full 0):
 garbage-first heap   total 286720K, used 135186K [0x0000000080000000, 0x0000000100000000)
  region size 1024K, 9 young (9216K), 9 survivors (9216K)
 Metaspace       used 106967K, capacity 109657K, committed 109928K, reserved 1144832K
  class space    used 13193K, capacity 14174K, committed 14208K, reserved 1048576K
}
Event: 837.486 GC heap before
{Heap before GC invocations=38 (full 0):
 garbage-first heap   total 286720K, used 246802K [0x0000000080000000, 0x0000000100000000)
  region size 1024K, 118 young (120832K), 9 survivors (9216K)
 Metaspace       used 106979K, capacity 109663K, committed 109928K, reserved 1144832K
  class space    used 13194K, capacity 14175K, committed 14208K, reserved 1048576K
}
Event: 837.546 GC heap after
{Heap after GC invocations=39 (full 0):
 garbage-first heap   total 286720K, used 138664K [0x0000000080000000, 0x0000000100000000)
  region size 1024K, 12 young (12288K), 12 survivors (12288K)
 Metaspace       used 106979K, capacity 109663K, committed 109928K, reserved 1144832K
  class space    used 13194K, capacity 14175K, committed 14208K, reserved 1048576K
}
Event: 838.547 GC heap before
{Heap before GC invocations=39 (full 0):
 garbage-first heap   total 286720K, used 245160K [0x0000000080000000, 0x0000000100000000)
  region size 1024K, 116 young (118784K), 12 survivors (12288K)
 Metaspace       used 107002K, capacity 109680K, committed 109928K, reserved 1144832K
  class space    used 13196K, capacity 14178K, committed 14208K, reserved 1048576K
}
Event: 838.628 GC heap after
{Heap after GC invocations=40 (full 0):
 garbage-first heap   total 286720K, used 142806K [0x0000000080000000, 0x0000000100000000)
  region size 1024K, 12 young (12288K), 12 survivors (12288K)
 Metaspace       used 107002K, capacity 109680K, committed 109928K, reserved 1144832K
  class space    used 13196K, capacity 14178K, committed 14208K, reserved 1048576K
}
Event: 839.422 GC heap before
{Heap before GC invocations=40 (full 0):
 garbage-first heap   total 286720K, used 243158K [0x0000000080000000, 0x0000000100000000)
  region size 1024K, 110 young (112640K), 12 survivors (12288K)
 Metaspace       used 107013K, capacity 109681K, committed 109928K, reserved 1144832K
  class space    used 13196K, capacity 14178K, committed 14208K, reserved 1048576K
}

