# JRE version: OpenJDK Runtime Environment (11.0.12+7) (build 11.0.12+7-b1504.28-7817840)
# Java VM: OpenJDK 64-Bit Server VM (11.0.12+7-b1504.28-7817840, mixed mode, tiered, compressed oops, g1 gc, windows-amd64)
Heap:
 garbage-first heap   total 483328K, used 215990K [0x0000000080000000, 0x0000000100000000)
  region size 1024K, 10 young (10240K), 10 survivors (10240K)
 Metaspace       used 166771K, capacity 171519K, committed 171732K, reserved 1198080K
  class space    used 20552K, capacity 22226K, committed 22348K, reserved 1048576K
GC Heap History (20 events):
Event: 5301.833 GC heap after
{Heap after GC invocations=82 (full 0):
 garbage-first heap   total 415744K, used 184143K [0x0000000080000000, 0x0000000100000000)
  region size 1024K, 2 young (2048K), 2 survivors (2048K)
 Metaspace       used 166710K, capacity 171505K, committed 171732K, reserved 1198080K
  class space    used 20547K, capacity 22222K, committed 22348K, reserved 1048576K
}
Event: 5303.013 GC heap before
{Heap before GC invocations=82 (full 0):
 garbage-first heap   total 415744K, used 358223K [0x0000000080000000, 0x0000000100000000)
  region size 1024K, 171 young (175104K), 2 survivors (2048K)
 Metaspace       used 166727K, capacity 171508K, committed 171732K, reserved 1198080K
  class space    used 20548K, capacity 22223K, committed 22348K, reserved 1048576K
}
Event: 5303.072 GC heap after
{Heap after GC invocations=83 (full 0):
 garbage-first heap   total 415744K, used 203675K [0x0000000080000000, 0x0000000100000000)
  region size 1024K, 20 young (20480K), 20 survivors (20480K)
 Metaspace       used 166727K, capacity 171508K, committed 171732K, reserved 1198080K
  class space    used 20548K, capacity 22223K, committed 22348K, reserved 1048576K
}
Event: 5304.053 GC heap before
{Heap before GC invocations=83 (full 0):
 garbage-first heap   total 415744K, used 348059K [0x0000000080000000, 0x0000000100000000)
  region size 1024K, 161 young (164864K), 20 survivors (20480K)
 Metaspace       used 166736K, capacity 171508K, committed 171732K, reserved 1198080K
  class space    used 20550K, capacity 22223K, committed 22348K, reserved 1048576K
}
Event: 5304.103 GC heap after
{Heap after GC invocations=84 (full 0):
 garbage-first heap   total 415744K, used 201696K [0x0000000080000000, 0x0000000100000000)
  region size 1024K, 2 young (2048K), 2 survivors (2048K)
 Metaspace       used 166736K, capacity 171508K, committed 171732K, reserved 1198080K
  class space    used 20550K, capacity 22223K, committed 22348K, reserved 1048576K
}
Event: 5305.065 GC heap before
{Heap before GC invocations=84 (full 0):
 garbage-first heap   total 415744K, used 351200K [0x0000000080000000, 0x0000000100000000)
  region size 1024K, 148 young (151552K), 2 survivors (2048K)
 Metaspace       used 166739K, capacity 171508K, committed 171732K, reserved 1198080K
  class space    used 20550K, capacity 22223K, committed 22348K, reserved 1048576K
}
Event: 5305.084 GC heap after
{Heap after GC invocations=85 (full 0):
 garbage-first heap   total 415744K, used 204256K [0x0000000080000000, 0x0000000100000000)
  region size 1024K, 4 young (4096K), 4 survivors (4096K)
 Metaspace       used 166739K, capacity 171508K, committed 171732K, reserved 1198080K
  class space    used 20550K, capacity 22223K, committed 22348K, reserved 1048576K
}
Event: 5306.333 GC heap before
{Heap before GC invocations=85 (full 0):
 garbage-first heap   total 415744K, used 353760K [0x0000000080000000, 0x0000000100000000)
  region size 1024K, 150 young (153600K), 4 survivors (4096K)
 Metaspace       used 166745K, capacity 171514K, committed 171732K, reserved 1198080K
  class space    used 20551K, capacity 22225K, committed 22348K, reserved 1048576K
}
Event: 5306.357 GC heap after
{Heap after GC invocations=86 (full 0):
 garbage-first heap   total 415744K, used 205084K [0x0000000080000000, 0x0000000100000000)
  region size 1024K, 5 young (5120K), 5 survivors (5120K)
 Metaspace       used 166745K, capacity 171514K, committed 171732K, reserved 1198080K
  class space    used 20551K, capacity 22225K, committed 22348K, reserved 1048576K
}
Event: 5307.600 GC heap before
{Heap before GC invocations=86 (full 0):
 garbage-first heap   total 415744K, used 356636K [0x0000000080000000, 0x0000000100000000)
  region size 1024K, 153 young (156672K), 5 survivors (5120K)
 Metaspace       used 166747K, capacity 171514K, committed 171732K, reserved 1198080K
  class space    used 20551K, capacity 22225K, committed 22348K, reserved 1048576K
}
Event: 5307.628 GC heap after
{Heap after GC invocations=87 (full 0):
 garbage-first heap   total 415744K, used 206169K [0x0000000080000000, 0x0000000100000000)
  region size 1024K, 6 young (6144K), 6 survivors (6144K)
 Metaspace       used 166747K, capacity 171514K, committed 171732K, reserved 1198080K
  class space    used 20551K, capacity 22225K, committed 22348K, reserved 1048576K
}
Event: 5309.319 GC heap before
{Heap before GC invocations=87 (full 0):
 garbage-first heap   total 415744K, used 357721K [0x0000000080000000, 0x0000000100000000)
  region size 1024K, 154 young (157696K), 6 survivors (6144K)
 Metaspace       used 166756K, capacity 171516K, committed 171732K, reserved 1198080K
  class space    used 20551K, capacity 22225K, committed 22348K, reserved 1048576K
}
Event: 5309.348 GC heap after
{Heap after GC invocations=88 (full 0):
 garbage-first heap   total 415744K, used 207328K [0x0000000080000000, 0x0000000100000000)
  region size 1024K, 7 young (7168K), 7 survivors (7168K)
 Metaspace       used 166756K, capacity 171516K, committed 171732K, reserved 1198080K
  class space    used 20551K, capacity 22225K, committed 22348K, reserved 1048576K
}
Event: 5310.799 GC heap before
{Heap before GC invocations=88 (full 0):
 garbage-first heap   total 415744K, used 359904K [0x0000000080000000, 0x0000000100000000)
  region size 1024K, 156 young (159744K), 7 survivors (7168K)
 Metaspace       used 166759K, capacity 171516K, committed 171732K, reserved 1198080K
  class space    used 20551K, capacity 22225K, committed 22348K, reserved 1048576K
}
Event: 5310.831 GC heap after
{Heap after GC invocations=89 (full 0):
 garbage-first heap   total 415744K, used 208864K [0x0000000080000000, 0x0000000100000000)
  region size 1024K, 9 young (9216K), 9 survivors (9216K)
 Metaspace       used 166759K, capacity 171516K, committed 171732K, reserved 1198080K
  class space    used 20551K, capacity 22225K, committed 22348K, reserved 1048576K
}
Event: 5312.034 GC heap before
{Heap before GC invocations=89 (full 0):
 garbage-first heap   total 415744K, used 360416K [0x0000000080000000, 0x0000000100000000)
  region size 1024K, 157 young (160768K), 9 survivors (9216K)
 Metaspace       used 166768K, capacity 171518K, committed 171732K, reserved 1198080K
  class space    used 20552K, capacity 22226K, committed 22348K, reserved 1048576K
}
Event: 5312.083 GC heap after
{Heap after GC invocations=90 (full 0):
 garbage-first heap   total 415744K, used 210400K [0x0000000080000000, 0x0000000100000000)
  region size 1024K, 10 young (10240K), 10 survivors (10240K)
 Metaspace       used 166768K, capacity 171518K, committed 171732K, reserved 1198080K
  class space    used 20552K, capacity 22226K, committed 22348K, reserved 1048576K
}
Event: 5313.897 GC heap before
{Heap before GC invocations=90 (full 0):
 garbage-first heap   total 415744K, used 361952K [0x0000000080000000, 0x0000000100000000)
  region size 1024K, 158 young (161792K), 10 survivors (10240K)
 Metaspace       used 166771K, capacity 171519K, committed 171732K, reserved 1198080K
  class space    used 20552K, capacity 22226K, committed 22348K, reserved 1048576K
}
Event: 5313.953 GC heap after
{Heap after GC invocations=91 (full 0):
 garbage-first heap   total 415744K, used 215520K [0x0000000080000000, 0x0000000100000000)
  region size 1024K, 15 young (15360K), 15 survivors (15360K)
 Metaspace       used 166771K, capacity 171519K, committed 171732K, reserved 1198080K
  class space    used 20552K, capacity 22226K, committed 22348K, reserved 1048576K
}
Event: 5314.916 GC heap before
{Heap before GC invocations=91 (full 0):
 garbage-first heap   total 415744K, used 357856K [0x0000000080000000, 0x0000000100000000)
  region size 1024K, 154 young (157696K), 15 survivors (15360K)
 Metaspace       used 166771K, capacity 171519K, committed 171732K, reserved 1198080K
  class space    used 20552K, capacity 22226K, committed 22348K, reserved 1048576K
}

