# JRE version: OpenJDK Runtime Environment (11.0.11+9) (build 11.0.11+9-b60-7590822)
# Java VM: OpenJDK 64-Bit Server VM (11.0.11+9-b60-7590822, mixed mode, tiered, compressed oops, g1 gc, windows-amd64)
Heap:
 garbage-first heap   total 513024K, used 384732K [0x0000000080000000, 0x0000000100000000)
  region size 1024K, 45 young (46080K), 2 survivors (2048K)
 Metaspace       used 123269K, capacity 127241K, committed 127316K, reserved 1161216K
  class space    used 15233K, capacity 16709K, committed 16768K, reserved 1048576K
GC Heap History (20 events):
Event: 4039.825 GC heap before
{Heap before GC invocations=119 (full 0):
 garbage-first heap   total 513024K, used 330626K [0x0000000080000000, 0x0000000100000000)
  region size 1024K, 25 young (25600K), 3 survivors (3072K)
 Metaspace       used 122613K, capacity 126301K, committed 126420K, reserved 1159168K
  class space    used 15158K, capacity 16571K, committed 16640K, reserved 1048576K
}
Event: 4039.853 GC heap after
{Heap after GC invocations=120 (full 0):
 garbage-first heap   total 513024K, used 311034K [0x0000000080000000, 0x0000000100000000)
  region size 1024K, 4 young (4096K), 4 survivors (4096K)
 Metaspace       used 122613K, capacity 126301K, committed 126420K, reserved 1159168K
  class space    used 15158K, capacity 16571K, committed 16640K, reserved 1048576K
}
Event: 4040.526 GC heap before
{Heap before GC invocations=120 (full 0):
 garbage-first heap   total 513024K, used 331514K [0x0000000080000000, 0x0000000100000000)
  region size 1024K, 25 young (25600K), 4 survivors (4096K)
 Metaspace       used 122614K, capacity 126301K, committed 126420K, reserved 1159168K
  class space    used 15158K, capacity 16571K, committed 16640K, reserved 1048576K
}
Event: 4040.579 GC heap after
{Heap after GC invocations=121 (full 0):
 garbage-first heap   total 513024K, used 312250K [0x0000000080000000, 0x0000000100000000)
  region size 1024K, 2 young (2048K), 2 survivors (2048K)
 Metaspace       used 122614K, capacity 126301K, committed 126420K, reserved 1159168K
  class space    used 15158K, capacity 16571K, committed 16640K, reserved 1048576K
}
Event: 4041.637 GC heap before
{Heap before GC invocations=121 (full 0):
 garbage-first heap   total 513024K, used 334778K [0x0000000080000000, 0x0000000100000000)
  region size 1024K, 25 young (25600K), 2 survivors (2048K)
 Metaspace       used 122938K, capacity 126759K, committed 127060K, reserved 1159168K
  class space    used 15208K, capacity 16664K, committed 16768K, reserved 1048576K
}
Event: 4041.657 GC heap after
{Heap after GC invocations=122 (full 0):
 garbage-first heap   total 513024K, used 313310K [0x0000000080000000, 0x0000000100000000)
  region size 1024K, 3 young (3072K), 3 survivors (3072K)
 Metaspace       used 122938K, capacity 126759K, committed 127060K, reserved 1159168K
  class space    used 15208K, capacity 16664K, committed 16768K, reserved 1048576K
}
Event: 4059.180 GC heap before
{Heap before GC invocations=122 (full 0):
 garbage-first heap   total 513024K, used 340958K [0x0000000080000000, 0x0000000100000000)
  region size 1024K, 30 young (30720K), 3 survivors (3072K)
 Metaspace       used 123081K, capacity 127016K, committed 127316K, reserved 1161216K
  class space    used 15230K, capacity 16703K, committed 16768K, reserved 1048576K
}
Event: 4059.346 GC heap after
{Heap after GC invocations=123 (full 0):
 garbage-first heap   total 513024K, used 315160K [0x0000000080000000, 0x0000000100000000)
  region size 1024K, 4 young (4096K), 4 survivors (4096K)
 Metaspace       used 123081K, capacity 127016K, committed 127316K, reserved 1161216K
  class space    used 15230K, capacity 16703K, committed 16768K, reserved 1048576K
}
Event: 4062.659 GC heap before
{Heap before GC invocations=123 (full 0):
 garbage-first heap   total 513024K, used 344856K [0x0000000080000000, 0x0000000100000000)
  region size 1024K, 34 young (34816K), 4 survivors (4096K)
 Metaspace       used 123087K, capacity 127080K, committed 127316K, reserved 1161216K
  class space    used 15230K, capacity 16703K, committed 16768K, reserved 1048576K
}
Event: 4062.719 GC heap after
{Heap after GC invocations=124 (full 0):
 garbage-first heap   total 513024K, used 321645K [0x0000000080000000, 0x0000000100000000)
  region size 1024K, 5 young (5120K), 5 survivors (5120K)
 Metaspace       used 123087K, capacity 127080K, committed 127316K, reserved 1161216K
  class space    used 15230K, capacity 16703K, committed 16768K, reserved 1048576K
}
Event: 4098.558 GC heap before
{Heap before GC invocations=124 (full 0):
 garbage-first heap   total 513024K, used 352365K [0x0000000080000000, 0x0000000100000000)
  region size 1024K, 27 young (27648K), 5 survivors (5120K)
 Metaspace       used 123105K, capacity 127144K, committed 127316K, reserved 1161216K
  class space    used 15230K, capacity 16703K, committed 16768K, reserved 1048576K
}
Event: 4098.605 GC heap after
{Heap after GC invocations=125 (full 0):
 garbage-first heap   total 513024K, used 321008K [0x0000000080000000, 0x0000000100000000)
  region size 1024K, 1 young (1024K), 1 survivors (1024K)
 Metaspace       used 123105K, capacity 127144K, committed 127316K, reserved 1161216K
  class space    used 15230K, capacity 16703K, committed 16768K, reserved 1048576K
}
Event: 4432.924 GC heap before
{Heap before GC invocations=125 (full 0):
 garbage-first heap   total 513024K, used 344560K [0x0000000080000000, 0x0000000100000000)
  region size 1024K, 25 young (25600K), 1 survivors (1024K)
 Metaspace       used 123123K, capacity 127145K, committed 127316K, reserved 1161216K
  class space    used 15230K, capacity 16703K, committed 16768K, reserved 1048576K
}
Event: 4433.031 GC heap after
{Heap after GC invocations=126 (full 0):
 garbage-first heap   total 513024K, used 322448K [0x0000000080000000, 0x0000000100000000)
  region size 1024K, 3 young (3072K), 3 survivors (3072K)
 Metaspace       used 123123K, capacity 127145K, committed 127316K, reserved 1161216K
  class space    used 15230K, capacity 16703K, committed 16768K, reserved 1048576K
}
Event: 4435.505 GC heap before
{Heap before GC invocations=126 (full 0):
 garbage-first heap   total 513024K, used 347024K [0x0000000080000000, 0x0000000100000000)
  region size 1024K, 28 young (28672K), 3 survivors (3072K)
 Metaspace       used 123157K, capacity 127145K, committed 127316K, reserved 1161216K
  class space    used 15230K, capacity 16703K, committed 16768K, reserved 1048576K
}
Event: 4435.549 GC heap after
{Heap after GC invocations=127 (full 0):
 garbage-first heap   total 513024K, used 325063K [0x0000000080000000, 0x0000000100000000)
  region size 1024K, 4 young (4096K), 4 survivors (4096K)
 Metaspace       used 123157K, capacity 127145K, committed 127316K, reserved 1161216K
  class space    used 15230K, capacity 16703K, committed 16768K, reserved 1048576K
}
Event: 4451.286 GC heap before
{Heap before GC invocations=127 (full 0):
 garbage-first heap   total 513024K, used 356807K [0x0000000080000000, 0x0000000100000000)
  region size 1024K, 36 young (36864K), 4 survivors (4096K)
 Metaspace       used 123168K, capacity 127145K, committed 127316K, reserved 1161216K
  class space    used 15230K, capacity 16703K, committed 16768K, reserved 1048576K
}
Event: 4451.387 GC heap after
{Heap after GC invocations=128 (full 0):
 garbage-first heap   total 513024K, used 326799K [0x0000000080000000, 0x0000000100000000)
  region size 1024K, 4 young (4096K), 4 survivors (4096K)
 Metaspace       used 123168K, capacity 127145K, committed 127316K, reserved 1161216K
  class space    used 15230K, capacity 16703K, committed 16768K, reserved 1048576K
}
Event: 4454.475 GC heap before
{Heap before GC invocations=128 (full 0):
 garbage-first heap   total 513024K, used 364687K [0x0000000080000000, 0x0000000100000000)
  region size 1024K, 42 young (43008K), 4 survivors (4096K)
 Metaspace       used 123238K, capacity 127163K, committed 127316K, reserved 1161216K
  class space    used 15232K, capacity 16706K, committed 16768K, reserved 1048576K
}
Event: 4454.547 GC heap after
{Heap after GC invocations=129 (full 0):
 garbage-first heap   total 513024K, used 331486K [0x0000000080000000, 0x0000000100000000)
  region size 1024K, 6 young (6144K), 6 survivors (6144K)
 Metaspace       used 123238K, capacity 127163K, committed 127316K, reserved 1161216K
  class space    used 15232K, capacity 16706K, committed 16768K, reserved 1048576K
}

